Arguments: 
  /usr/local/bin/node /usr/share/yarn/bin/yarn.js add @web3-react/core

PATH: 
  /home/joy/.local/bin:/usr/local/sbin:/usr/local/bin:/usr/sbin:/usr/bin:/sbin:/bin:/usr/games:/usr/local/games:/snap/bin:/usr/lib/jvm/jdk-11.0.8/bin:/home/joy/.rvm/bin

Yarn version: 
  1.22.5

Node version: 
  16.15.0

Platform: 
  linux x64

Trace: 
  Error: read ECONNRESET
      at TLSWrap.onStreamRead (node:internal/stream_base_commons:217:20)

npm manifest: 
  {
    "name": "hellow",
    "description": "An open source 'Hello Web3 World'-Application (dApp) also used for promotion and education.",
    "repository": "https://github.com/iemwill/hellow",
    "license": "MITlicensev0.1",
    "version": "0.1.1",
    "private": true,
    "homepage": "https://laubenheimer.eu",
    "dependencies": {
      "react": "^17.0.2",
      "react-dom": "^17.0.2",
      "react-icons": "^4.2.0",
      "react-native-public-ip": "^1.0.2",
      "react-scripts": "^4.0.3",
      "sha256": "^0.2.0",
      "web3": "^1.7.0"
    },
    "overrides": {
      "simple-get": "4.0.1",
      "postcss": "8.4.6",
      "nth-check": "2.0.1",
      "ansi-regex": "5.0.1",
      "glob-parent": "6.0.2",
      "browserslist": "4.19.1",
      "immer": "9.0.12",
      "node-forge": "1.0.0"
    },
    "scripts": {
      "start": "react-scripts start",
      "build": "react-scripts build",
      "eject": "react-scripts eject"
    },
    "browserslist": {
      "production": [
        ">0.2%",
        "not dead",
        "not op_mini all"
      ],
      "development": [
        "last 1 chrome version",
        "last 1 firefox version",
        "last 1 safari version"
      ]
    }
  }

yarn manifest: 
  No manifest

Lockfile: 
  No lockfile
